<?xml version="1.0" encoding="UTF-8"?>
<!-- Generated by org.testng.reporters.JUnitReportReporter -->
<testsuite hostname="DESKTOP-UN9U5PK" failures="0" tests="1" name="testingAssignment.checkComplexNum$ComplexCalculationTest" time="0.799" errors="0" timestamp="2023-05-02T20:14:59 CEST" skipped="0">
  <testcase classname="testingAssignment.checkComplexNum$ComplexCalculationTest" name="verifyComplexCalculation" time="0.799"/>
  <system-out/>
</testsuite> <!-- testingAssignment.checkComplexNum$ComplexCalculationTest -->
