<?xml version="1.0" encoding="UTF-8"?>
<!-- Generated by org.testng.reporters.JUnitReportReporter -->
<testsuite hostname="DESKTOP-UN9U5PK" failures="0" tests="1" name="testingAssignment.handleLongEqua" time="3.431" errors="0" timestamp="2023-05-02T20:58:16 CEST" skipped="0">
  <testcase classname="testingAssignment.handleLongEqua" name="testLongEquation" time="3.431"/>
  <system-out/>
</testsuite> <!-- testingAssignment.handleLongEqua -->
