<?xml version="1.0" encoding="UTF-8"?>
<!-- Generated by org.testng.reporters.JUnitReportReporter -->
<testsuite hostname="DESKTOP-UN9U5PK" failures="0" tests="1" name="testingAssignment.arithmaticOperations" time="4.994" errors="0" timestamp="2023-05-01T03:51:15 CEST" skipped="0">
  <testcase classname="testingAssignment.arithmaticOperations" name="testBasicArithmeticOperations" time="4.994"/>
  <system-out/>
</testsuite> <!-- testingAssignment.arithmaticOperations -->
