<?xml version="1.0" encoding="UTF-8"?>
<!-- Generated by org.testng.reporters.JUnitReportReporter -->
<testsuite hostname="DESKTOP-UN9U5PK" failures="0" tests="1" name="testingAssignment.buttonsExist" time="8.129" errors="0" timestamp="2023-05-01T03:44:16 CEST" skipped="0">
  <testcase classname="testingAssignment.buttonsExist" name="testButtonFunctionality" time="8.129"/>
  <system-out/>
</testsuite> <!-- testingAssignment.buttonsExist -->
