<?xml version="1.0" encoding="UTF-8"?>
<!-- Generated by org.testng.reporters.JUnitReportReporter -->
<testsuite hostname="DESKTOP-UN9U5PK" failures="0" tests="1" name="testingAssignment.handleNegNumbers" time="10.230" errors="0" timestamp="2023-05-02T19:51:02 CEST" skipped="0">
  <testcase classname="testingAssignment.handleNegNumbers" name="testCalculatorWithNegativeNumbers" time="10.230"/>
  <system-out/>
</testsuite> <!-- testingAssignment.handleNegNumbers -->
