<?xml version="1.0" encoding="UTF-8"?>
<!-- Generated by org.testng.reporters.JUnitReportReporter -->
<testsuite hostname="DESKTOP-UN9U5PK" failures="0" tests="1" name="testingAssignment.handleLargerNum" time="4.148" errors="0" timestamp="2023-05-02T20:45:17 CEST" skipped="0">
  <testcase classname="testingAssignment.handleLargerNum" name="testLargeNumbers" time="4.148"/>
  <system-out/>
</testsuite> <!-- testingAssignment.handleLargerNum -->
