<?xml version="1.0" encoding="UTF-8"?>
<!-- Generated by org.testng.reporters.JUnitReportReporter -->
<testsuite hostname="DESKTOP-UN9U5PK" failures="0" tests="1" name="testingAssignment.handleDecimalNum" time="5.272" errors="0" timestamp="2023-05-02T20:01:30 CEST" skipped="0">
  <testcase classname="testingAssignment.handleDecimalNum" name="testDecimalNumberCalculation" time="5.272"/>
  <system-out/>
</testsuite> <!-- testingAssignment.handleDecimalNum -->
